<?xml version="1.0" encoding="UTF-8"?>
<testsuite xmlns:xsi="http://www.w3.org/2001/XMLSchema-instance" xsi:noNamespaceSchemaLocation="https://maven.apache.org/surefire/maven-surefire-plugin/xsd/surefire-test-report.xsd" name="naasa.gov.mission.control.AppTest" time="3.139" tests="1" errors="0" skipped="0" failures="0">
  <properties>
    <property name="sun.desktop" value="gnome"/>
    <property name="awt.toolkit" value="sun.awt.X11.XToolkit"/>
    <property name="file.encoding.pkg" value="sun.io"/>
    <property name="java.specification.version" value="1.8"/>
    <property name="sun.cpu.isalist" value=""/>
    <property name="sun.jnu.encoding" value="UTF-8"/>
    <property name="java.class.path" value="/home/sanket/Documents/workspace/Mission.Control/target/test-classes:/home/sanket/Documents/workspace/Mission.Control/target/classes:/home/sanket/.m2/repository/junit/junit/4.12/junit-4.12.jar:/home/sanket/.m2/repository/org/hamcrest/hamcrest-core/1.3/hamcrest-core-1.3.jar:/home/sanket/.m2/repository/org/apache/kafka/kafka_2.10/0.9.0.1/kafka_2.10-0.9.0.1.jar:/home/sanket/.m2/repository/com/101tec/zkclient/0.7/zkclient-0.7.jar:/home/sanket/.m2/repository/org/apache/kafka/kafka-clients/0.9.0.1/kafka-clients-0.9.0.1.jar:/home/sanket/.m2/repository/org/xerial/snappy/snappy-java/1.1.1.7/snappy-java-1.1.1.7.jar:/home/sanket/.m2/repository/net/jpountz/lz4/lz4/1.2.0/lz4-1.2.0.jar:/home/sanket/.m2/repository/com/yammer/metrics/metrics-core/2.2.0/metrics-core-2.2.0.jar:/home/sanket/.m2/repository/org/scala-lang/scala-library/2.10.5/scala-library-2.10.5.jar:/home/sanket/.m2/repository/net/sf/jopt-simple/jopt-simple/3.2/jopt-simple-3.2.jar:/home/sanket/.m2/repository/org/slf4j/slf4j-log4j12/1.7.6/slf4j-log4j12-1.7.6.jar:/home/sanket/.m2/repository/org/apache/zookeeper/zookeeper/3.4.6/zookeeper-3.4.6.jar:/home/sanket/.m2/repository/jline/jline/0.9.94/jline-0.9.94.jar:/home/sanket/.m2/repository/io/netty/netty/3.7.0.Final/netty-3.7.0.Final.jar:/home/sanket/.m2/repository/space/exploration/communications.protocol/1.1.5/communications.protocol-1.1.5.jar:/home/sanket/.m2/repository/com/google/protobuf/protobuf-java/3.4.0/protobuf-java-3.4.0.jar:/home/sanket/.m2/repository/org/tensorflow/tensorflow/1.1.0/tensorflow-1.1.0.jar:/home/sanket/.m2/repository/org/tensorflow/libtensorflow/1.1.0/libtensorflow-1.1.0.jar:/home/sanket/.m2/repository/org/tensorflow/libtensorflow_jni/1.1.0/libtensorflow_jni-1.1.0.jar:/home/sanket/.m2/repository/de/erichseifert/gral/gral-core/0.11/gral-core-0.11.jar:/home/sanket/.m2/repository/de/erichseifert/vectorgraphics2d/VectorGraphics2D/0.10/VectorGraphics2D-0.10.jar:/home/sanket/.m2/repository/org/jsoup/jsoup/1.8.3/jsoup-1.8.3.jar:/home/sanket/.m2/repository/joda-time/joda-time/2.8.1/joda-time-2.8.1.jar:/home/sanket/.m2/repository/space/exploration/spice.utilities/1.2.2/spice.utilities-1.2.2.jar:/home/sanket/.m2/repository/commons-io/commons-io/1.3.2/commons-io-1.3.2.jar:/home/sanket/.m2/repository/org/slf4j/slf4j-api/1.7.25/slf4j-api-1.7.25.jar:/home/sanket/.m2/repository/log4j/log4j/1.2.17/log4j-1.2.17.jar:/home/sanket/.m2/repository/mysql/mysql-connector-java/5.1.6/mysql-connector-java-5.1.6.jar:"/>
    <property name="java.vm.vendor" value="Oracle Corporation"/>
    <property name="sun.arch.data.model" value="64"/>
    <property name="java.vendor.url" value="http://java.oracle.com/"/>
    <property name="user.timezone" value=""/>
    <property name="java.vm.specification.version" value="1.8"/>
    <property name="os.name" value="Linux"/>
    <property name="user.country" value="US"/>
    <property name="sun.java.launcher" value="SUN_STANDARD"/>
    <property name="sun.boot.library.path" value="/usr/lib/jvm/java-8-openjdk-amd64/jre/lib/amd64"/>
    <property name="sun.java.command" value="/home/sanket/Documents/workspace/Mission.Control/target/surefire/surefirebooter7469337451146397492.jar /home/sanket/Documents/workspace/Mission.Control/target/surefire 2017-12-16T14-29-33_648-jvmRun1 surefire6418534456018387760tmp surefire_04295071596322250357tmp"/>
    <property name="surefire.test.class.path" value="/home/sanket/Documents/workspace/Mission.Control/target/test-classes:/home/sanket/Documents/workspace/Mission.Control/target/classes:/home/sanket/.m2/repository/junit/junit/4.12/junit-4.12.jar:/home/sanket/.m2/repository/org/hamcrest/hamcrest-core/1.3/hamcrest-core-1.3.jar:/home/sanket/.m2/repository/org/apache/kafka/kafka_2.10/0.9.0.1/kafka_2.10-0.9.0.1.jar:/home/sanket/.m2/repository/com/101tec/zkclient/0.7/zkclient-0.7.jar:/home/sanket/.m2/repository/org/apache/kafka/kafka-clients/0.9.0.1/kafka-clients-0.9.0.1.jar:/home/sanket/.m2/repository/org/xerial/snappy/snappy-java/1.1.1.7/snappy-java-1.1.1.7.jar:/home/sanket/.m2/repository/net/jpountz/lz4/lz4/1.2.0/lz4-1.2.0.jar:/home/sanket/.m2/repository/com/yammer/metrics/metrics-core/2.2.0/metrics-core-2.2.0.jar:/home/sanket/.m2/repository/org/scala-lang/scala-library/2.10.5/scala-library-2.10.5.jar:/home/sanket/.m2/repository/net/sf/jopt-simple/jopt-simple/3.2/jopt-simple-3.2.jar:/home/sanket/.m2/repository/org/slf4j/slf4j-log4j12/1.7.6/slf4j-log4j12-1.7.6.jar:/home/sanket/.m2/repository/org/apache/zookeeper/zookeeper/3.4.6/zookeeper-3.4.6.jar:/home/sanket/.m2/repository/jline/jline/0.9.94/jline-0.9.94.jar:/home/sanket/.m2/repository/io/netty/netty/3.7.0.Final/netty-3.7.0.Final.jar:/home/sanket/.m2/repository/space/exploration/communications.protocol/1.1.5/communications.protocol-1.1.5.jar:/home/sanket/.m2/repository/com/google/protobuf/protobuf-java/3.4.0/protobuf-java-3.4.0.jar:/home/sanket/.m2/repository/org/tensorflow/tensorflow/1.1.0/tensorflow-1.1.0.jar:/home/sanket/.m2/repository/org/tensorflow/libtensorflow/1.1.0/libtensorflow-1.1.0.jar:/home/sanket/.m2/repository/org/tensorflow/libtensorflow_jni/1.1.0/libtensorflow_jni-1.1.0.jar:/home/sanket/.m2/repository/de/erichseifert/gral/gral-core/0.11/gral-core-0.11.jar:/home/sanket/.m2/repository/de/erichseifert/vectorgraphics2d/VectorGraphics2D/0.10/VectorGraphics2D-0.10.jar:/home/sanket/.m2/repository/org/jsoup/jsoup/1.8.3/jsoup-1.8.3.jar:/home/sanket/.m2/repository/joda-time/joda-time/2.8.1/joda-time-2.8.1.jar:/home/sanket/.m2/repository/space/exploration/spice.utilities/1.2.2/spice.utilities-1.2.2.jar:/home/sanket/.m2/repository/commons-io/commons-io/1.3.2/commons-io-1.3.2.jar:/home/sanket/.m2/repository/org/slf4j/slf4j-api/1.7.25/slf4j-api-1.7.25.jar:/home/sanket/.m2/repository/log4j/log4j/1.2.17/log4j-1.2.17.jar:/home/sanket/.m2/repository/mysql/mysql-connector-java/5.1.6/mysql-connector-java-5.1.6.jar:"/>
    <property name="sun.cpu.endian" value="little"/>
    <property name="user.home" value="/home/sanket"/>
    <property name="user.language" value="en"/>
    <property name="java.specification.vendor" value="Oracle Corporation"/>
    <property name="java.home" value="/usr/lib/jvm/java-8-openjdk-amd64/jre"/>
    <property name="basedir" value="/home/sanket/Documents/workspace/Mission.Control"/>
    <property name="file.separator" value="/"/>
    <property name="line.separator" value="&#10;"/>
    <property name="java.vm.specification.vendor" value="Oracle Corporation"/>
    <property name="java.specification.name" value="Java Platform API Specification"/>
    <property name="java.awt.graphicsenv" value="sun.awt.X11GraphicsEnvironment"/>
    <property name="surefire.real.class.path" value="/home/sanket/Documents/workspace/Mission.Control/target/surefire/surefirebooter7469337451146397492.jar"/>
    <property name="sun.boot.class.path" value="/usr/lib/jvm/java-8-openjdk-amd64/jre/lib/resources.jar:/usr/lib/jvm/java-8-openjdk-amd64/jre/lib/rt.jar:/usr/lib/jvm/java-8-openjdk-amd64/jre/lib/sunrsasign.jar:/usr/lib/jvm/java-8-openjdk-amd64/jre/lib/jsse.jar:/usr/lib/jvm/java-8-openjdk-amd64/jre/lib/jce.jar:/usr/lib/jvm/java-8-openjdk-amd64/jre/lib/charsets.jar:/usr/lib/jvm/java-8-openjdk-amd64/jre/lib/jfr.jar:/usr/lib/jvm/java-8-openjdk-amd64/jre/classes"/>
    <property name="sun.management.compiler" value="HotSpot 64-Bit Tiered Compilers"/>
    <property name="java.runtime.version" value="1.8.0_151-8u151-b12-0ubuntu0.16.04.2-b12"/>
    <property name="user.name" value="sanket"/>
    <property name="path.separator" value=":"/>
    <property name="os.version" value="4.10.0-42-generic"/>
    <property name="java.endorsed.dirs" value="/usr/lib/jvm/java-8-openjdk-amd64/jre/lib/endorsed"/>
    <property name="java.runtime.name" value="OpenJDK Runtime Environment"/>
    <property name="file.encoding" value="UTF-8"/>
    <property name="java.vm.name" value="OpenJDK 64-Bit Server VM"/>
    <property name="localRepository" value="/home/sanket/.m2/repository"/>
    <property name="java.vendor.url.bug" value="http://bugreport.sun.com/bugreport/"/>
    <property name="java.io.tmpdir" value="/tmp"/>
    <property name="java.version" value="1.8.0_151"/>
    <property name="user.dir" value="/home/sanket/Documents/workspace/Mission.Control"/>
    <property name="os.arch" value="amd64"/>
    <property name="java.vm.specification.name" value="Java Virtual Machine Specification"/>
    <property name="java.awt.printerjob" value="sun.print.PSPrinterJob"/>
    <property name="sun.os.patch.level" value="unknown"/>
    <property name="java.library.path" value="$LD_LIBRARY_PATH:&quot;/home/sanket/Documents/workspace/SpiceUtilities/src/main/resources/JNISpice/lib/libJNISpice.so&quot;:/home/sanket/Documents/workspace/SpiceUtilities/src/main/resources/JNISpice/lib/libJNISpice.so:/usr/java/packages/lib/amd64:/usr/lib/x86_64-linux-gnu/jni:/lib/x86_64-linux-gnu:/usr/lib/x86_64-linux-gnu:/usr/lib/jni:/lib:/usr/lib"/>
    <property name="java.vm.info" value="mixed mode"/>
    <property name="java.vendor" value="Oracle Corporation"/>
    <property name="java.vm.version" value="25.151-b12"/>
    <property name="java.ext.dirs" value="/usr/lib/jvm/java-8-openjdk-amd64/jre/lib/ext:/usr/java/packages/lib/ext"/>
    <property name="sun.io.unicode.encoding" value="UnicodeLittle"/>
    <property name="java.class.version" value="52.0"/>
  </properties>
  <testcase name="testApp" classname="naasa.gov.mission.control.AppTest" time="3.137"/>
</testsuite>